<?xml version="1.0" encoding="UTF-8"?>
<!-- Generated by org.testng.reporters.JUnitReportReporter -->
<testsuite hostname="DESKTOP-2KN8RMI" name="com.scp.maven.TestNg.DTest" tests="6" failures="0" timestamp="20 Jul 2018 10:30:19 GMT" time="0.013" errors="0">
  <testcase name="dAbd" time="0.002" classname="com.scp.maven.TestNg.DTest"/>
  <testcase name="dadab" time="0.003" classname="com.scp.maven.TestNg.DTest"/>
  <testcase name="dAb1" time="0.004" classname="com.scp.maven.TestNg.DTest"/>
  <testcase name="dadab" time="0.004" classname="com.scp.maven.TestNg.DTest"/>
  <testcase name="dAbd" time="0.000" classname="com.scp.maven.TestNg.DTest"/>
  <testcase name="dAb1" time="0.000" classname="com.scp.maven.TestNg.DTest"/>
</testsuite> <!-- com.scp.maven.TestNg.DTest -->
