<?xml version="1.0" encoding="UTF-8"?>
<!-- Generated by org.testng.reporters.JUnitReportReporter -->
<testsuite hostname="DESKTOP-2KN8RMI" name="com.scp.TestTestng.DTest" tests="6" failures="0" timestamp="24 Jul 2018 10:55:43 GMT" time="0.036" errors="0">
  <testcase name="axyzDtest" time="0.003" classname="com.scp.TestTestng.DTest"/>
  <testcase name="aZryaDtest" time="0.002" classname="com.scp.TestTestng.DTest"/>
  <testcase name="azeyrDtest" time="0.015" classname="com.scp.TestTestng.DTest"/>
  <testcase name="apqerDtest" time="0.008" classname="com.scp.TestTestng.DTest"/>
  <testcase name="abcDtest" time="0.002" classname="com.scp.TestTestng.DTest"/>
  <testcase name="aD1test" time="0.006" classname="com.scp.TestTestng.DTest"/>
</testsuite> <!-- com.scp.TestTestng.DTest -->
