<?xml version="1.0" encoding="UTF-8"?>
<!-- Generated by org.testng.reporters.JUnitReportReporter -->
<testsuite hostname="DESKTOP-2KN8RMI" name="com.scp.TestTestng.Test" tests="2" failures="0" timestamp="20 Jul 2018 16:13:32 GMT" time="0.019" errors="0">
  <testcase name="testCase2" time="0.005" classname="com.scp.TestTestng.Test"/>
  <testcase name="testCase1" time="0.014" classname="com.scp.TestTestng.Test"/>
</testsuite> <!-- com.scp.TestTestng.Test -->
