<?xml version="1.0" encoding="UTF-8"?>
<!-- Generated by org.testng.reporters.JUnitReportReporter -->
<testsuite hostname="DESKTOP-2KN8RMI" name="com.scp.maven.TestNg.CTest" tests="2" failures="0" timestamp="20 Jul 2018 10:30:19 GMT" time="0.008" errors="0">
  <testcase name="cAb1" time="0.000" classname="com.scp.maven.TestNg.CTest"/>
  <testcase name="cAb1" time="0.008" classname="com.scp.maven.TestNg.CTest"/>
</testsuite> <!-- com.scp.maven.TestNg.CTest -->
