<?xml version="1.0" encoding="UTF-8"?>
<!-- Generated by org.testng.reporters.JUnitReportReporter -->
<testsuite hostname="DESKTOP-2KN8RMI" name="com.scp.TestTestng.CTest" tests="4" failures="0" timestamp="24 Jul 2018 11:11:19 GMT" time="0.032" errors="0">
  <testcase name="axyzctest" time="0.004" classname="com.scp.TestTestng.CTest"/>
  <testcase name="abcctest" time="0.004" classname="com.scp.TestTestng.CTest"/>
  <testcase name="aZryactest" time="0.020" classname="com.scp.TestTestng.CTest"/>
  <testcase name="azeyrctest" time="0.004" classname="com.scp.TestTestng.CTest"/>
</testsuite> <!-- com.scp.TestTestng.CTest -->
