<?xml version="1.0" encoding="UTF-8"?>
<!-- Generated by org.testng.reporters.JUnitReportReporter -->
<testsuite hostname="DESKTOP-2KN8RMI" name="com.scp.maven.TestNg.ATest" tests="6" failures="0" timestamp="20 Jul 2018 10:30:19 GMT" time="0.022" errors="0">
  <testcase name="abc1" time="0.007" classname="com.scp.maven.TestNg.ATest"/>
  <testcase name="Abc" time="0.003" classname="com.scp.maven.TestNg.ATest"/>
  <testcase name="abc1" time="0.002" classname="com.scp.maven.TestNg.ATest"/>
  <testcase name="ab1" time="0.006" classname="com.scp.maven.TestNg.ATest"/>
  <testcase name="Abc" time="0.003" classname="com.scp.maven.TestNg.ATest"/>
  <testcase name="ab1" time="0.001" classname="com.scp.maven.TestNg.ATest"/>
</testsuite> <!-- com.scp.maven.TestNg.ATest -->
